mode: set
golang-learning/KVStoreJsonTtlAPI/handlers.go:8.69,9.33 1 1
golang-learning/KVStoreJsonTtlAPI/handlers.go:9.33,16.3 4 1
golang-learning/KVStoreJsonTtlAPI/handlers.go:18.2,18.56 1 1
golang-learning/KVStoreJsonTtlAPI/handlers.go:18.56,25.3 4 1
golang-learning/KVStoreJsonTtlAPI/handlers.go:27.2,33.61 3 1
golang-learning/KVStoreJsonTtlAPI/handlers.go:33.61,40.3 4 1
golang-learning/KVStoreJsonTtlAPI/handlers.go:42.2,42.38 1 1
golang-learning/KVStoreJsonTtlAPI/handlers.go:42.38,49.3 4 1
golang-learning/KVStoreJsonTtlAPI/handlers.go:51.2,52.35 2 1
golang-learning/KVStoreJsonTtlAPI/handlers.go:55.69,56.32 1 1
golang-learning/KVStoreJsonTtlAPI/handlers.go:56.32,63.3 4 1
golang-learning/KVStoreJsonTtlAPI/handlers.go:65.2,66.15 2 1
golang-learning/KVStoreJsonTtlAPI/handlers.go:66.15,73.3 4 1
golang-learning/KVStoreJsonTtlAPI/handlers.go:75.2,76.13 2 1
golang-learning/KVStoreJsonTtlAPI/handlers.go:76.13,83.3 4 1
golang-learning/KVStoreJsonTtlAPI/handlers.go:85.2,90.4 3 1
golang-learning/KVStoreJsonTtlAPI/handlers.go:93.72,94.35 1 1
golang-learning/KVStoreJsonTtlAPI/handlers.go:94.35,101.3 4 1
golang-learning/KVStoreJsonTtlAPI/handlers.go:103.2,104.15 2 1
golang-learning/KVStoreJsonTtlAPI/handlers.go:104.15,111.3 4 1
golang-learning/KVStoreJsonTtlAPI/handlers.go:113.2,113.44 1 1
golang-learning/KVStoreJsonTtlAPI/handlers.go:113.44,120.3 4 1
golang-learning/KVStoreJsonTtlAPI/handlers.go:122.2,123.30 2 1
golang-learning/KVStoreJsonTtlAPI/handlers.go:126.70,127.32 1 1
golang-learning/KVStoreJsonTtlAPI/handlers.go:127.32,134.3 4 1
golang-learning/KVStoreJsonTtlAPI/handlers.go:136.2,141.4 4 1
golang-learning/KVStoreJsonTtlAPI/kvstore.go:10.28,14.2 1 1
golang-learning/KVStoreJsonTtlAPI/kvstore.go:16.49,21.2 3 1
golang-learning/KVStoreJsonTtlAPI/kvstore.go:23.50,28.13 4 1
golang-learning/KVStoreJsonTtlAPI/kvstore.go:28.13,30.3 1 1
golang-learning/KVStoreJsonTtlAPI/kvstore.go:31.2,31.18 1 1
golang-learning/KVStoreJsonTtlAPI/kvstore.go:34.38,39.2 3 1
golang-learning/KVStoreJsonTtlAPI/kvstore.go:43.35,48.24 4 1
golang-learning/KVStoreJsonTtlAPI/kvstore.go:48.24,50.3 1 1
golang-learning/KVStoreJsonTtlAPI/kvstore.go:51.2,51.13 1 1
golang-learning/KVStoreJsonTtlAPI/main.go:8.13,12.2 3 0
golang-learning/KVStoreJsonTtlAPI/server.go:10.40,17.2 3 1
golang-learning/KVStoreJsonTtlAPI/server.go:19.27,24.2 4 1
